Info : Listening on port 6666 for tcl connections
Info : Listening on port 4444 for telnet connections
Info : clock speed 1000 kHz
Info : STLINK V2J37M26 (API v2) VID:PID 0483:374B
Info : Target voltage: 2.931745
Info : stm32f3x.cpu: hardware has 6 breakpoints, 4 watchpoints
Info : starting gdb server for stm32f3x.cpu on pipe
Info : accepting 'gdb' connection from pipe
target halted due to debug-request, current mode: Thread 
xPSR: 0x21010000 pc: 0x0800824e msp: 0x20007f90
Info : device id = 0x10036422
Info : flash size = 256kbytes
Info : Unable to match requested speed 1000 kHz, using 950 kHz
Info : Unable to match requested speed 1000 kHz, using 950 kHz
target halted due to debug-request, current mode: Thread 
xPSR: 0x01000000 pc: 0x0800cd98 msp: 0x20008000
Info : halted: PC: 0x08000592
Info : halted: PC: 0x08000594
Info : halted: PC: 0x08000596
Info : halted: PC: 0x08000598
Info : halted: PC: 0x08000566
Info : halted: PC: 0x0800056a
Info : halted: PC: 0x0800821a
Info : halted: PC: 0x080081ce
Info : halted: PC: 0x080081d0
Info : halted: PC: 0x080081d2
Info : halted: PC: 0x08008302
Info : halted: PC: 0x08000592
Info : halted: PC: 0x08000594
Info : halted: PC: 0x08000596
Info : halted: PC: 0x08000598
Info : halted: PC: 0x0800059a
Info : halted: PC: 0x0800059e
Info : halted: PC: 0x0800c0b4
Info : dropped 'gdb' connection
